This is XeTeX, Version 3.14159265-2.6-0.99999 (TeX Live 2018/W32TeX) (preloaded format=xelatex 2019.4.21)  15 JUN 2019 11:27
entering extended mode
 restricted \write18 enabled.
 %&-line parsing enabled.
**chapitre1.tex
(./chapitre1.tex
LaTeX2e <2018-12-01>
(c:/texlive/2018/texmf-dist/tex/latex/subfiles/subfiles.cls
Document Class: subfiles 2018/07/31 Federico Garcia, Gernot Salzer
Preamble taken from file `memoire.tex'

! LaTeX Error: File `memoire.tex' not found.

Type X to quit or <RETURN> to proceed,
or enter new name. (Default extension: tex)

Enter file name: 
! Emergency stop.
<read *> 
         
l.35 \input{\preamble@file}
                           ^^M
*** (cannot \read from terminal in nonstop modes)

 
Here is how much of TeX's memory you used:
 16 strings out of 492933
 333 string characters out of 6136537
 64308 words of memory out of 5000000
 4149 multiletter control sequences out of 15000+600000
 3640 words of font info for 14 fonts, out of 8000000 for 9000
 1348 hyphenation exceptions out of 8191
 17i,0n,18p,101b,8s stack positions out of 5000i,500n,10000p,200000b,80000s
No pages of output.
